\BOOKMARK [0][-]{chapter.1}{\376\377\0001\000\040\000N\000a\000m\000e\000s\000p\000a\000c\000e\000\040\000I\000n\000d\000e\000x}{}% 1
\BOOKMARK [1][-]{section.1.1}{\376\377\0001\000.\0001\000\040\000N\000a\000m\000e\000s\000p\000a\000c\000e\000\040\000L\000i\000s\000t}{chapter.1}% 2
\BOOKMARK [0][-]{chapter.2}{\376\377\0002\000\040\000C\000l\000a\000s\000s\000\040\000I\000n\000d\000e\000x}{}% 3
\BOOKMARK [1][-]{section.2.1}{\376\377\0002\000.\0001\000\040\000C\000l\000a\000s\000s\000\040\000L\000i\000s\000t}{chapter.2}% 4
\BOOKMARK [0][-]{chapter.3}{\376\377\0003\000\040\000N\000a\000m\000e\000s\000p\000a\000c\000e\000\040\000D\000o\000c\000u\000m\000e\000n\000t\000a\000t\000i\000o\000n}{}% 5
\BOOKMARK [1][-]{section.3.1}{\376\377\0003\000.\0001\000\040\000A\000m\000b\000e\000r\000\040\000N\000a\000m\000e\000s\000p\000a\000c\000e\000\040\000R\000e\000f\000e\000r\000e\000n\000c\000e}{chapter.3}% 6
\BOOKMARK [2][-]{subsection.3.1.1}{\376\377\0003\000.\0001\000.\0001\000\040\000D\000e\000t\000a\000i\000l\000e\000d\000\040\000D\000e\000s\000c\000r\000i\000p\000t\000i\000o\000n}{section.3.1}% 7
\BOOKMARK [2][-]{subsection.3.1.2}{\376\377\0003\000.\0001\000.\0002\000\040\000E\000n\000u\000m\000e\000r\000a\000t\000i\000o\000n\000\040\000T\000y\000p\000e\000\040\000D\000o\000c\000u\000m\000e\000n\000t\000a\000t\000i\000o\000n}{section.3.1}% 8
\BOOKMARK [3][-]{subsubsection.3.1.2.1}{\376\377\0003\000.\0001\000.\0002\000.\0001\000\040\000A\000i\000o\000s\000E\000r\000r\000o\000r\000D\000a\000t\000a}{subsection.3.1.2}% 9
\BOOKMARK [3][-]{subsubsection.3.1.2.2}{\376\377\0003\000.\0001\000.\0002\000.\0002\000\040\000C\000o\000n\000t\000r\000o\000l\000M\000o\000d\000e}{subsection.3.1.2}% 10
\BOOKMARK [3][-]{subsubsection.3.1.2.3}{\376\377\0003\000.\0001\000.\0002\000.\0003\000\040\000G\000r\000o\000u\000p\000E\000r\000r\000o\000r\000D\000a\000t\000a}{subsection.3.1.2}% 11
\BOOKMARK [0][-]{chapter.4}{\376\377\0004\000\040\000C\000l\000a\000s\000s\000\040\000D\000o\000c\000u\000m\000e\000n\000t\000a\000t\000i\000o\000n}{}% 12
\BOOKMARK [1][-]{section.4.1}{\376\377\0004\000.\0001\000\040\000A\000m\000b\000e\000r\000:\000:\000A\000i\000o\000s\000A\000t\000t\000r\000i\000b\000u\000t\000e\000\040\000C\000l\000a\000s\000s\000\040\000R\000e\000f\000e\000r\000e\000n\000c\000e}{chapter.4}% 13
\BOOKMARK [2][-]{subsection.4.1.1}{\376\377\0004\000.\0001\000.\0001\000\040\000M\000e\000m\000b\000e\000r\000\040\000D\000a\000t\000a\000\040\000D\000o\000c\000u\000m\000e\000n\000t\000a\000t\000i\000o\000n}{section.4.1}% 14
\BOOKMARK [3][-]{subsubsection.4.1.1.1}{\376\377\0004\000.\0001\000.\0001\000.\0001\000\040\000f\000w\000\137\000v\000e\000r\000s\000i\000o\000n\000\137}{subsection.4.1.1}% 15
\BOOKMARK [3][-]{subsubsection.4.1.1.2}{\376\377\0004\000.\0001\000.\0001\000.\0002\000\040\000h\000w\000\137\000v\000e\000r\000s\000i\000o\000n\000\137}{subsection.4.1.1}% 16
\BOOKMARK [3][-]{subsubsection.4.1.1.3}{\376\377\0004\000.\0001\000.\0001\000.\0003\000\040\000i\000p\000\137}{subsection.4.1.1}% 17
\BOOKMARK [3][-]{subsubsection.4.1.1.4}{\376\377\0004\000.\0001\000.\0001\000.\0004\000\040\000m\000a\000c\000\137\000a\000d\000d\000r\000e\000s\000s\000\137}{subsection.4.1.1}% 18
\BOOKMARK [3][-]{subsubsection.4.1.1.5}{\376\377\0004\000.\0001\000.\0001\000.\0005\000\040\000s\000e\000r\000i\000a\000l\000\137\000n\000u\000m\000b\000e\000r\000\137}{subsection.4.1.1}% 19
\BOOKMARK [1][-]{section.4.2}{\376\377\0004\000.\0002\000\040\000A\000m\000b\000e\000r\000:\000:\000A\000i\000o\000s\000G\000r\000o\000u\000p\000\040\000C\000l\000a\000s\000s\000\040\000R\000e\000f\000e\000r\000e\000n\000c\000e}{chapter.4}% 20
\BOOKMARK [2][-]{subsection.4.2.1}{\376\377\0004\000.\0002\000.\0001\000\040\000M\000e\000m\000b\000e\000r\000\040\000F\000u\000n\000c\000t\000i\000o\000n\000\040\000D\000o\000c\000u\000m\000e\000n\000t\000a\000t\000i\000o\000n}{section.4.2}% 21
\BOOKMARK [3][-]{subsubsection.4.2.1.1}{\376\377\0004\000.\0002\000.\0001\000.\0001\000\040\000C\000a\000l\000i\000b\000r\000a\000t\000i\000o\000n\000\050\000\051}{subsection.4.2.1}% 22
\BOOKMARK [3][-]{subsubsection.4.2.1.2}{\376\377\0004\000.\0002\000.\0001\000.\0002\000\040\000C\000l\000e\000a\000r\000C\000o\000n\000f\000i\000g\000\050\000\051}{subsection.4.2.1}% 23
\BOOKMARK [3][-]{subsubsection.4.2.1.3}{\376\377\0004\000.\0002\000.\0001\000.\0003\000\040\000C\000l\000e\000a\000r\000E\000r\000r\000o\000r\000\050\000\051}{subsection.4.2.1}% 24
\BOOKMARK [3][-]{subsubsection.4.2.1.4}{\376\377\0004\000.\0002\000.\0001\000.\0004\000\040\000D\000i\000s\000a\000b\000l\000e\000\050\000\051}{subsection.4.2.1}% 25
\BOOKMARK [3][-]{subsubsection.4.2.1.5}{\376\377\0004\000.\0002\000.\0001\000.\0005\000\040\000E\000n\000a\000b\000l\000e\000\050\000\051}{subsection.4.2.1}% 26
\BOOKMARK [3][-]{subsubsection.4.2.1.6}{\376\377\0004\000.\0002\000.\0001\000.\0006\000\040\000G\000e\000t\000A\000c\000t\000u\000a\000t\000o\000r\000I\000n\000f\000o\000\050\000\051}{subsection.4.2.1}% 27
\BOOKMARK [3][-]{subsubsection.4.2.1.7}{\376\377\0004\000.\0002\000.\0001\000.\0007\000\040\000G\000e\000t\000C\000u\000r\000r\000e\000n\000t\000\050\000\051}{subsection.4.2.1}% 28
\BOOKMARK [3][-]{subsubsection.4.2.1.8}{\376\377\0004\000.\0002\000.\0001\000.\0008\000\040\000G\000e\000t\000C\000u\000r\000r\000e\000n\000t\000B\000a\000n\000d\000w\000i\000d\000t\000h\000\050\000\051}{subsection.4.2.1}% 29
\BOOKMARK [3][-]{subsubsection.4.2.1.9}{\376\377\0004\000.\0002\000.\0001\000.\0009\000\040\000G\000e\000t\000C\000u\000r\000r\000e\000n\000t\000L\000i\000m\000i\000t\000\050\000\051}{subsection.4.2.1}% 30
\BOOKMARK [3][-]{subsubsection.4.2.1.10}{\376\377\0004\000.\0002\000.\0001\000.\0001\0000\000\040\000G\000e\000t\000C\000v\000p\000\050\000\051}{subsection.4.2.1}% 31
\BOOKMARK [3][-]{subsubsection.4.2.1.11}{\376\377\0004\000.\0002\000.\0001\000.\0001\0001\000\040\000G\000e\000t\000E\000r\000r\000o\000r\000C\000o\000d\000e\000\050\000\051}{subsection.4.2.1}% 32
\BOOKMARK [3][-]{subsubsection.4.2.1.12}{\376\377\0004\000.\0002\000.\0001\000.\0001\0002\000\040\000G\000e\000t\000P\000o\000s\000i\000t\000i\000o\000n\000\050\000\051}{subsection.4.2.1}% 33
\BOOKMARK [3][-]{subsubsection.4.2.1.13}{\376\377\0004\000.\0002\000.\0001\000.\0001\0003\000\040\000G\000e\000t\000P\000o\000s\000t\000i\000o\000n\000K\000p\000\050\000\051}{subsection.4.2.1}% 34
\BOOKMARK [3][-]{subsubsection.4.2.1.14}{\376\377\0004\000.\0002\000.\0001\000.\0001\0004\000\040\000G\000e\000t\000T\000r\000a\000p\000z\000o\000i\000d\000a\000l\000T\000r\000a\000j\000e\000c\000t\000o\000r\000y\000P\000a\000r\000a\000m\000e\000t\000e\000r\000s\000\050\000\051}{subsection.4.2.1}% 35
\BOOKMARK [3][-]{subsubsection.4.2.1.15}{\376\377\0004\000.\0002\000.\0001\000.\0001\0005\000\040\000G\000e\000t\000V\000e\000l\000o\000c\000i\000t\000y\000\050\000\051}{subsection.4.2.1}% 36
\BOOKMARK [3][-]{subsubsection.4.2.1.16}{\376\377\0004\000.\0002\000.\0001\000.\0001\0006\000\040\000G\000e\000t\000V\000e\000l\000o\000c\000i\000t\000y\000K\000i\000\050\000\051}{subsection.4.2.1}% 37
\BOOKMARK [3][-]{subsubsection.4.2.1.17}{\376\377\0004\000.\0002\000.\0001\000.\0001\0007\000\040\000G\000e\000t\000V\000e\000l\000o\000c\000i\000t\000y\000K\000p\000\050\000\051}{subsection.4.2.1}% 38
\BOOKMARK [3][-]{subsubsection.4.2.1.18}{\376\377\0004\000.\0002\000.\0001\000.\0001\0008\000\040\000G\000e\000t\000V\000e\000l\000o\000c\000i\000t\000y\000L\000i\000m\000i\000t\000\050\000\051}{subsection.4.2.1}% 39
\BOOKMARK [3][-]{subsubsection.4.2.1.19}{\376\377\0004\000.\0002\000.\0001\000.\0001\0009\000\040\000R\000e\000b\000o\000o\000t\000\050\000\051}{subsection.4.2.1}% 40
\BOOKMARK [3][-]{subsubsection.4.2.1.20}{\376\377\0004\000.\0002\000.\0001\000.\0002\0000\000\040\000S\000a\000v\000e\000C\000o\000n\000f\000i\000g\000\050\000\051}{subsection.4.2.1}% 41
\BOOKMARK [3][-]{subsubsection.4.2.1.21}{\376\377\0004\000.\0002\000.\0001\000.\0002\0001\000\040\000S\000e\000t\000C\000o\000n\000t\000r\000o\000l\000M\000o\000d\000e\000\050\000\051}{subsection.4.2.1}% 42
\BOOKMARK [3][-]{subsubsection.4.2.1.22}{\376\377\0004\000.\0002\000.\0001\000.\0002\0002\000\040\000S\000e\000t\000C\000u\000r\000r\000e\000n\000t\000\050\000\051}{subsection.4.2.1}% 43
\BOOKMARK [3][-]{subsubsection.4.2.1.23}{\376\377\0004\000.\0002\000.\0001\000.\0002\0003\000\040\000S\000e\000t\000C\000u\000r\000r\000e\000n\000t\000B\000a\000n\000d\000w\000i\000d\000t\000h\000\050\000\051}{subsection.4.2.1}% 44
\BOOKMARK [3][-]{subsubsection.4.2.1.24}{\376\377\0004\000.\0002\000.\0001\000.\0002\0004\000\040\000S\000e\000t\000C\000u\000r\000r\000e\000n\000t\000L\000i\000m\000i\000t\000\050\000\051}{subsection.4.2.1}% 45
\BOOKMARK [3][-]{subsubsection.4.2.1.25}{\376\377\0004\000.\0002\000.\0001\000.\0002\0005\000\040\000S\000e\000t\000H\000o\000m\000e\000P\000o\000s\000i\000t\000i\000o\000n\000\050\000\051}{subsection.4.2.1}% 46
\BOOKMARK [3][-]{subsubsection.4.2.1.26}{\376\377\0004\000.\0002\000.\0001\000.\0002\0006\000\040\000S\000e\000t\000P\000e\000r\000i\000o\000d\000i\000c\000T\000i\000m\000e\000\050\000\051}{subsection.4.2.1}% 47
\BOOKMARK [3][-]{subsubsection.4.2.1.27}{\376\377\0004\000.\0002\000.\0001\000.\0002\0007\000\040\000S\000e\000t\000P\000o\000s\000i\000t\000i\000o\000n\000\050\000\051\000\040\000[\0001\000/\0002\000]}{subsection.4.2.1}% 48
\BOOKMARK [3][-]{subsubsection.4.2.1.28}{\376\377\0004\000.\0002\000.\0001\000.\0002\0008\000\040\000S\000e\000t\000P\000o\000s\000i\000t\000i\000o\000n\000\050\000\051\000\040\000[\0002\000/\0002\000]}{subsection.4.2.1}% 49
\BOOKMARK [3][-]{subsubsection.4.2.1.29}{\376\377\0004\000.\0002\000.\0001\000.\0002\0009\000\040\000S\000e\000t\000P\000o\000s\000t\000i\000o\000n\000K\000p\000\050\000\051}{subsection.4.2.1}% 50
\BOOKMARK [3][-]{subsubsection.4.2.1.30}{\376\377\0004\000.\0002\000.\0001\000.\0003\0000\000\040\000S\000e\000t\000T\000r\000a\000p\000z\000o\000i\000d\000a\000l\000T\000r\000a\000j\000e\000c\000t\000o\000r\000y\000P\000a\000r\000a\000m\000e\000t\000e\000r\000s\000\050\000\051}{subsection.4.2.1}% 51
\BOOKMARK [3][-]{subsubsection.4.2.1.31}{\376\377\0004\000.\0002\000.\0001\000.\0003\0001\000\040\000S\000e\000t\000V\000e\000l\000o\000c\000i\000t\000y\000\050\000\051}{subsection.4.2.1}% 52
\BOOKMARK [3][-]{subsubsection.4.2.1.32}{\376\377\0004\000.\0002\000.\0001\000.\0003\0002\000\040\000S\000e\000t\000V\000e\000l\000o\000c\000i\000t\000y\000K\000i\000\050\000\051}{subsection.4.2.1}% 53
\BOOKMARK [3][-]{subsubsection.4.2.1.33}{\376\377\0004\000.\0002\000.\0001\000.\0003\0003\000\040\000S\000e\000t\000V\000e\000l\000o\000c\000i\000t\000y\000K\000p\000\050\000\051}{subsection.4.2.1}% 54
\BOOKMARK [3][-]{subsubsection.4.2.1.34}{\376\377\0004\000.\0002\000.\0001\000.\0003\0004\000\040\000S\000e\000t\000V\000e\000l\000o\000c\000i\000t\000y\000L\000i\000m\000i\000t\000\050\000\051}{subsection.4.2.1}% 55
\BOOKMARK [3][-]{subsubsection.4.2.1.35}{\376\377\0004\000.\0002\000.\0001\000.\0003\0005\000\040\000S\000i\000z\000e\000\050\000\051}{subsection.4.2.1}% 56
\BOOKMARK [3][-]{subsubsection.4.2.1.36}{\376\377\0004\000.\0002\000.\0001\000.\0003\0006\000\040\000T\000r\000a\000p\000e\000z\000o\000i\000d\000a\000l\000M\000o\000v\000e\000\050\000\051}{subsection.4.2.1}% 57
\BOOKMARK [1][-]{section.4.3}{\376\377\0004\000.\0003\000\040\000A\000m\000b\000e\000r\000:\000:\000L\000o\000o\000k\000u\000p\000\040\000C\000l\000a\000s\000s\000\040\000R\000e\000f\000e\000r\000e\000n\000c\000e}{chapter.4}% 58
\BOOKMARK [2][-]{subsection.4.3.1}{\376\377\0004\000.\0003\000.\0001\000\040\000M\000e\000m\000b\000e\000r\000\040\000F\000u\000n\000c\000t\000i\000o\000n\000\040\000D\000o\000c\000u\000m\000e\000n\000t\000a\000t\000i\000o\000n}{section.4.3}% 59
\BOOKMARK [3][-]{subsubsection.4.3.1.1}{\376\377\0004\000.\0003\000.\0001\000.\0001\000\040\000G\000e\000t\000A\000v\000a\000i\000l\000a\000b\000l\000e\000L\000i\000s\000t\000\050\000\051}{subsection.4.3.1}% 60
\BOOKMARK [3][-]{subsubsection.4.3.1.2}{\376\377\0004\000.\0003\000.\0001\000.\0002\000\040\000G\000e\000t\000H\000a\000n\000d\000l\000e\000s\000F\000r\000o\000m\000M\000a\000c\000A\000d\000d\000r\000e\000s\000s\000L\000i\000s\000t\000\050\000\051}{subsection.4.3.1}% 61
\BOOKMARK [3][-]{subsubsection.4.3.1.3}{\376\377\0004\000.\0003\000.\0001\000.\0003\000\040\000G\000e\000t\000H\000a\000n\000d\000l\000e\000s\000F\000r\000o\000m\000S\000e\000r\000i\000a\000l\000N\000u\000m\000b\000e\000r\000L\000i\000s\000t\000\050\000\051}{subsection.4.3.1}% 62
\BOOKMARK [1][-]{section.4.4}{\376\377\0004\000.\0004\000\040\000A\000m\000b\000e\000r\000:\000:\000M\000o\000t\000i\000o\000n\000\040\000C\000l\000a\000s\000s\000\040\000R\000e\000f\000e\000r\000e\000n\000c\000e}{chapter.4}% 63
\BOOKMARK [2][-]{subsection.4.4.1}{\376\377\0004\000.\0004\000.\0001\000\040\000M\000e\000m\000b\000e\000r\000\040\000F\000u\000n\000c\000t\000i\000o\000n\000\040\000D\000o\000c\000u\000m\000e\000n\000t\000a\000t\000i\000o\000n}{section.4.4}% 64
\BOOKMARK [3][-]{subsubsection.4.4.1.1}{\376\377\0004\000.\0004\000.\0001\000.\0001\000\040\000M\000o\000v\000e\000S\000t\000e\000p\000\050\000\051}{subsection.4.4.1}% 65
\BOOKMARK [3][-]{subsubsection.4.4.1.2}{\376\377\0004\000.\0004\000.\0001\000.\0002\000\040\000M\000o\000v\000e\000T\000o\000\050\000\051}{subsection.4.4.1}% 66
\BOOKMARK [3][-]{subsubsection.4.4.1.3}{\376\377\0004\000.\0004\000.\0001\000.\0003\000\040\000R\000e\000c\000o\000r\000d\000P\000o\000i\000n\000t\000\050\000\051}{subsection.4.4.1}% 67
\BOOKMARK [3][-]{subsubsection.4.4.1.4}{\376\377\0004\000.\0004\000.\0001\000.\0004\000\040\000R\000e\000p\000l\000a\000y\000\050\000\051}{subsection.4.4.1}% 68
\BOOKMARK [0][-]{section*.8}{\376\377\000I\000n\000d\000e\000x}{}% 69
